Determining if the pthread_create exist failed with the following output:
Change Dir: /home/kogaku/hogehoge_ws/build/CMakeFiles/CMakeTmp

Run Build Command:/usr/bin/make "cmTryCompileExec925378269/fast"
/usr/bin/make -f CMakeFiles/cmTryCompileExec925378269.dir/build.make CMakeFiles/cmTryCompileExec925378269.dir/build
make[1]: ディレクトリ `/home/kogaku/hogehoge_ws/build/CMakeFiles/CMakeTmp' に入ります
/usr/bin/cmake -E cmake_progress_report /home/kogaku/hogehoge_ws/build/CMakeFiles/CMakeTmp/CMakeFiles 1
Building C object CMakeFiles/cmTryCompileExec925378269.dir/CheckSymbolExists.c.o
/usr/bin/cc    -o CMakeFiles/cmTryCompileExec925378269.dir/CheckSymbolExists.c.o   -c /home/kogaku/hogehoge_ws/build/CMakeFiles/CMakeTmp/CheckSymbolExists.c
Linking C executable cmTryCompileExec925378269
/usr/bin/cmake -E cmake_link_script CMakeFiles/cmTryCompileExec925378269.dir/link.txt --verbose=1
/usr/bin/cc       CMakeFiles/cmTryCompileExec925378269.dir/CheckSymbolExists.c.o  -o cmTryCompileExec925378269 -rdynamic 
CMakeFiles/cmTryCompileExec925378269.dir/CheckSymbolExists.c.o: 関数 `main' 内:
CheckSymbolExists.c:(.text+0x16): `pthread_create' に対する定義されていない参照です
collect2: error: ld returned 1 exit status
make[1]: *** [cmTryCompileExec925378269] エラー 1
make[1]: ディレクトリ `/home/kogaku/hogehoge_ws/build/CMakeFiles/CMakeTmp' から出ます
make: *** [cmTryCompileExec925378269/fast] エラー 2

File /home/kogaku/hogehoge_ws/build/CMakeFiles/CMakeTmp/CheckSymbolExists.c:
/* */
#include <pthread.h>

int main(int argc, char** argv)
{
  (void)argv;
#ifndef pthread_create
  return ((int*)(&pthread_create))[argc];
#else
  (void)argc;
  return 0;
#endif
}

Determining if the function pthread_create exists in the pthreads failed with the following output:
Change Dir: /home/kogaku/hogehoge_ws/build/CMakeFiles/CMakeTmp

Run Build Command:/usr/bin/make "cmTryCompileExec1401315275/fast"
/usr/bin/make -f CMakeFiles/cmTryCompileExec1401315275.dir/build.make CMakeFiles/cmTryCompileExec1401315275.dir/build
make[1]: ディレクトリ `/home/kogaku/hogehoge_ws/build/CMakeFiles/CMakeTmp' に入ります
/usr/bin/cmake -E cmake_progress_report /home/kogaku/hogehoge_ws/build/CMakeFiles/CMakeTmp/CMakeFiles 1
Building C object CMakeFiles/cmTryCompileExec1401315275.dir/CheckFunctionExists.c.o
/usr/bin/cc   -DCHECK_FUNCTION_EXISTS=pthread_create   -o CMakeFiles/cmTryCompileExec1401315275.dir/CheckFunctionExists.c.o   -c /usr/share/cmake-2.8/Modules/CheckFunctionExists.c
Linking C executable cmTryCompileExec1401315275
/usr/bin/cmake -E cmake_link_script CMakeFiles/cmTryCompileExec1401315275.dir/link.txt --verbose=1
/usr/bin/cc   -DCHECK_FUNCTION_EXISTS=pthread_create    CMakeFiles/cmTryCompileExec1401315275.dir/CheckFunctionExists.c.o  -o cmTryCompileExec1401315275 -rdynamic -lpthreads 
/usr/bin/ld: -lpthreads が見つかりません
collect2: error: ld returned 1 exit status
make[1]: *** [cmTryCompileExec1401315275] エラー 1
make[1]: ディレクトリ `/home/kogaku/hogehoge_ws/build/CMakeFiles/CMakeTmp' から出ます
make: *** [cmTryCompileExec1401315275/fast] エラー 2


